[debug] [2025-09-25T02:22:59.478Z] ----------------------------------------------------------------------
[debug] [2025-09-25T02:22:59.483Z] Command:       C:\Program Files\nodejs\node.exe C:\Users\thech\AppData\Roaming\npm\node_modules\firebase-tools\lib\bin\firebase.js init
[debug] [2025-09-25T02:22:59.483Z] CLI Version:   14.17.0
[debug] [2025-09-25T02:22:59.483Z] Platform:      win32
[debug] [2025-09-25T02:22:59.483Z] Node Version:  v22.19.0
[debug] [2025-09-25T02:22:59.484Z] Time:          Wed Sep 24 2025 22:22:59 GMT-0400 (Eastern Daylight Time)
[debug] [2025-09-25T02:22:59.484Z] ----------------------------------------------------------------------
[debug] 
[debug] [2025-09-25T02:22:59.805Z] > command requires scopes: ["email","openid","https://www.googleapis.com/auth/cloudplatformprojects.readonly","https://www.googleapis.com/auth/firebase","https://www.googleapis.com/auth/cloud-platform"]
[debug] [2025-09-25T02:22:59.806Z] > authorizing via signed-in user (chriscurrington95@gmail.com)
[info] 
     ######## #### ########  ######## ########     ###     ######  ########
     ##        ##  ##     ## ##       ##     ##  ##   ##  ##       ##
     ######    ##  ########  ######   ########  #########  ######  ######
     ##        ##  ##    ##  ##       ##     ## ##     ##       ## ##
     ##       #### ##     ## ######## ########  ##     ##  ######  ########

You're about to initialize a Firebase project in this directory:

  C:\Users\thech\OneDrive\Desktop\IONOS\MetEyes

Before we get started, keep in mind:

  * You are initializing within an existing Firebase project directory

[info] 
=== Project Setup
[info] 
[info] First, let's associate this project directory with a Firebase project.
[info] You can create multiple project aliases by running firebase use --add, 
[info] but for now we'll just set up a default project.
[info] 
[debug] [2025-09-25T02:23:43.989Z] Checked if tokens are valid: false, expires at: 1758763685746
[debug] [2025-09-25T02:23:43.990Z] Checked if tokens are valid: false, expires at: 1758763685746
[debug] [2025-09-25T02:23:43.990Z] > refreshing access token with scopes: []
[debug] [2025-09-25T02:23:43.993Z] >>> [apiv2][query] POST https://www.googleapis.com/oauth2/v3/token [none]
[debug] [2025-09-25T02:23:43.993Z] >>> [apiv2][body] POST https://www.googleapis.com/oauth2/v3/token [omitted]
[debug] [2025-09-25T02:23:44.249Z] <<< [apiv2][status] POST https://www.googleapis.com/oauth2/v3/token 200
[debug] [2025-09-25T02:23:44.249Z] <<< [apiv2][body] POST https://www.googleapis.com/oauth2/v3/token [omitted]
[debug] [2025-09-25T02:23:44.264Z] >>> [apiv2][query] GET https://firebase.googleapis.com/v1beta1/projects pageSize=100
[debug] [2025-09-25T02:23:44.618Z] <<< [apiv2][status] GET https://firebase.googleapis.com/v1beta1/projects 200
[debug] [2025-09-25T02:23:44.618Z] <<< [apiv2][body] GET https://firebase.googleapis.com/v1beta1/projects [omitted]
[info] i  Using project met-gallery-viewer (met-gallery-viewer) 
[info] 
=== Functions Setup
[debug] [2025-09-25T02:23:50.825Z] > command requires scopes: ["email","openid","https://www.googleapis.com/auth/cloudplatformprojects.readonly","https://www.googleapis.com/auth/firebase","https://www.googleapis.com/auth/cloud-platform"]
[debug] [2025-09-25T02:23:50.825Z] > authorizing via signed-in user (chriscurrington95@gmail.com)
[debug] [2025-09-25T02:23:50.826Z] [iam] checking project met-gallery-viewer for permissions ["firebase.projects.get"]
[debug] [2025-09-25T02:23:50.826Z] Checked if tokens are valid: true, expires at: 1758770623249
[debug] [2025-09-25T02:23:50.826Z] Checked if tokens are valid: true, expires at: 1758770623249
[debug] [2025-09-25T02:23:50.826Z] >>> [apiv2][query] POST https://cloudresourcemanager.googleapis.com/v1/projects/met-gallery-viewer:testIamPermissions [none]
[debug] [2025-09-25T02:23:50.826Z] >>> [apiv2][(partial)header] POST https://cloudresourcemanager.googleapis.com/v1/projects/met-gallery-viewer:testIamPermissions x-goog-quota-user=projects/met-gallery-viewer
[debug] [2025-09-25T02:23:50.827Z] >>> [apiv2][body] POST https://cloudresourcemanager.googleapis.com/v1/projects/met-gallery-viewer:testIamPermissions {"permissions":["firebase.projects.get"]}
[debug] [2025-09-25T02:23:51.057Z] <<< [apiv2][status] POST https://cloudresourcemanager.googleapis.com/v1/projects/met-gallery-viewer:testIamPermissions 200
[debug] [2025-09-25T02:23:51.058Z] <<< [apiv2][body] POST https://cloudresourcemanager.googleapis.com/v1/projects/met-gallery-viewer:testIamPermissions {"permissions":["firebase.projects.get"]}
[debug] [2025-09-25T02:23:51.059Z] Checked if tokens are valid: true, expires at: 1758770623249
[debug] [2025-09-25T02:23:51.059Z] Checked if tokens are valid: true, expires at: 1758770623249
[debug] [2025-09-25T02:23:51.060Z] Checked if tokens are valid: true, expires at: 1758770623249
[debug] [2025-09-25T02:23:51.060Z] Checked if tokens are valid: true, expires at: 1758770623249
[debug] [2025-09-25T02:23:51.060Z] >>> [apiv2][query] GET https://serviceusage.googleapis.com/v1/projects/met-gallery-viewer/services/cloudfunctions.googleapis.com [none]
[debug] [2025-09-25T02:23:51.060Z] >>> [apiv2][(partial)header] GET https://serviceusage.googleapis.com/v1/projects/met-gallery-viewer/services/cloudfunctions.googleapis.com x-goog-quota-user=projects/met-gallery-viewer
[debug] [2025-09-25T02:23:51.062Z] >>> [apiv2][query] GET https://serviceusage.googleapis.com/v1/projects/met-gallery-viewer/services/runtimeconfig.googleapis.com [none]
[debug] [2025-09-25T02:23:51.062Z] >>> [apiv2][(partial)header] GET https://serviceusage.googleapis.com/v1/projects/met-gallery-viewer/services/runtimeconfig.googleapis.com x-goog-quota-user=projects/met-gallery-viewer
[debug] [2025-09-25T02:23:51.495Z] <<< [apiv2][status] GET https://serviceusage.googleapis.com/v1/projects/met-gallery-viewer/services/runtimeconfig.googleapis.com 200
[debug] [2025-09-25T02:23:51.495Z] <<< [apiv2][body] GET https://serviceusage.googleapis.com/v1/projects/met-gallery-viewer/services/runtimeconfig.googleapis.com [omitted]
[debug] [2025-09-25T02:23:51.504Z] <<< [apiv2][status] GET https://serviceusage.googleapis.com/v1/projects/met-gallery-viewer/services/cloudfunctions.googleapis.com 200
[debug] [2025-09-25T02:23:51.505Z] <<< [apiv2][body] GET https://serviceusage.googleapis.com/v1/projects/met-gallery-viewer/services/cloudfunctions.googleapis.com [omitted]
[debug] [2025-09-25T02:23:51.505Z] Checked if tokens are valid: true, expires at: 1758770623249
[debug] [2025-09-25T02:23:51.505Z] Checked if tokens are valid: true, expires at: 1758770623249
[debug] [2025-09-25T02:23:51.506Z] >>> [apiv2][query] POST https://serviceusage.googleapis.com/v1/projects/met-gallery-viewer/services/cloudfunctions.googleapis.com:enable [none]
[debug] [2025-09-25T02:23:51.506Z] >>> [apiv2][(partial)header] POST https://serviceusage.googleapis.com/v1/projects/met-gallery-viewer/services/cloudfunctions.googleapis.com:enable x-goog-quota-user=projects/met-gallery-viewer
[debug] [2025-09-25T02:23:52.096Z] <<< [apiv2][status] POST https://serviceusage.googleapis.com/v1/projects/met-gallery-viewer/services/cloudfunctions.googleapis.com:enable 200
[debug] [2025-09-25T02:23:52.096Z] <<< [apiv2][body] POST https://serviceusage.googleapis.com/v1/projects/met-gallery-viewer/services/cloudfunctions.googleapis.com:enable [omitted]
[info] 
Detected existing codebase(s): default

[info] 
Overwriting codebase default...

[info] +  Wrote functions/package.json 
[info] +  Wrote functions/.eslintrc.js 
